2020-04-10 00:02:32,580 WARN  11244 --- [HikariPool-1 housekeeper] com.zaxxer.hikari.pool.HikariPool$HouseKeeper.run/779 : HikariPool-1 - Thread starvation or clock leap detected (housekeeper delta=2m23s87ms546µs500ns).
2020-04-10 00:06:40,767 INFO  11244 --- [SpringContextShutdownHook] org.springframework.scheduling.concurrent.ExecutorConfigurationSupport.shutdown/218 : Shutting down ExecutorService 'applicationTaskExecutor'
2020-04-10 00:06:40,780 INFO  11244 --- [SpringContextShutdownHook] com.zaxxer.hikari.HikariDataSource.close/350 : HikariPool-1 - Shutdown initiated...
2020-04-10 00:06:40,789 INFO  11244 --- [SpringContextShutdownHook] com.zaxxer.hikari.HikariDataSource.close/352 : HikariPool-1 - Shutdown completed.
2020-04-10 00:06:52,766 INFO  10212 --- [main] org.springframework.boot.StartupInfoLogger.logStarting/55 : Starting ParkingApplication on DESKTOP-HQCJC2V with PID 10212 (D:\IDEAWork\parking\target\classes started by lenovo in D:\IDEAWork\parking)
2020-04-10 00:06:52,781 INFO  10212 --- [main] org.springframework.boot.SpringApplication.logStartupProfileInfo/651 : No active profile set, falling back to default profiles: default
2020-04-10 00:06:54,522 WARN  10212 --- [main] org.mybatis.logging.Logger.warn/44 : No MyBatis mapper was found in '[com.aokai.parking]' package. Please check your configuration.
2020-04-10 00:06:55,476 INFO  10212 --- [main] org.springframework.boot.web.embedded.tomcat.TomcatWebServer.initialize/92 : Tomcat initialized with port(s): 8086 (http)
2020-04-10 00:06:55,494 INFO  10212 --- [main] org.apache.juli.logging.DirectJDKLog.log/173 : Initializing ProtocolHandler ["http-nio-8086"]
2020-04-10 00:06:55,495 INFO  10212 --- [main] org.apache.juli.logging.DirectJDKLog.log/173 : Starting service [Tomcat]
2020-04-10 00:06:55,496 INFO  10212 --- [main] org.apache.juli.logging.DirectJDKLog.log/173 : Starting Servlet engine: [Apache Tomcat/9.0.33]
2020-04-10 00:06:55,773 INFO  10212 --- [main] org.apache.juli.logging.DirectJDKLog.log/173 : Initializing Spring embedded WebApplicationContext
2020-04-10 00:06:55,775 INFO  10212 --- [main] org.springframework.boot.web.servlet.context.ServletWebServerApplicationContext.prepareWebApplicationContext/284 : Root WebApplicationContext: initialization completed in 2823 ms
2020-04-10 00:06:57,536 INFO  10212 --- [main] org.springframework.scheduling.concurrent.ExecutorConfigurationSupport.initialize/181 : Initializing ExecutorService 'applicationTaskExecutor'
2020-04-10 00:06:57,809 INFO  10212 --- [main] tk.mybatis.mapper.autoconfigure.MapperCacheDisabler.removeStaticCache/60 : Clear tk.mybatis.mapper.util.MsUtil CLASS_CACHE cache.
2020-04-10 00:06:57,812 INFO  10212 --- [main] tk.mybatis.mapper.autoconfigure.MapperCacheDisabler.removeStaticCache/60 : Clear tk.mybatis.mapper.genid.GenIdUtil CACHE cache.
2020-04-10 00:06:57,813 INFO  10212 --- [main] tk.mybatis.mapper.autoconfigure.MapperCacheDisabler.removeStaticCache/60 : Clear tk.mybatis.mapper.version.VersionUtil CACHE cache.
2020-04-10 00:06:57,813 INFO  10212 --- [main] tk.mybatis.mapper.autoconfigure.MapperCacheDisabler.removeEntityHelperCache/83 : Clear EntityHelper entityTableMap cache.
2020-04-10 00:06:58,037 INFO  10212 --- [main] org.apache.juli.logging.DirectJDKLog.log/173 : Starting ProtocolHandler ["http-nio-8086"]
2020-04-10 00:06:58,091 INFO  10212 --- [main] org.springframework.boot.web.embedded.tomcat.TomcatWebServer.start/204 : Tomcat started on port(s): 8086 (http) with context path ''
2020-04-10 00:06:58,098 INFO  10212 --- [main] org.springframework.boot.StartupInfoLogger.logStarted/61 : Started ParkingApplication in 6.406 seconds (JVM running for 8.362)
2020-04-10 00:07:48,011 INFO  10212 --- [http-nio-8086-exec-2] org.apache.juli.logging.DirectJDKLog.log/173 : Initializing Spring DispatcherServlet 'dispatcherServlet'
2020-04-10 00:07:48,012 INFO  10212 --- [http-nio-8086-exec-2] org.springframework.web.servlet.FrameworkServlet.initServletBean/525 : Initializing Servlet 'dispatcherServlet'
2020-04-10 00:07:48,021 INFO  10212 --- [http-nio-8086-exec-2] org.springframework.web.servlet.FrameworkServlet.initServletBean/547 : Completed initialization in 9 ms
2020-04-10 00:07:48,795 INFO  10212 --- [http-nio-8086-exec-2] com.zaxxer.hikari.HikariDataSource.getConnection/110 : HikariPool-1 - Starting...
2020-04-10 00:07:49,344 INFO  10212 --- [http-nio-8086-exec-2] com.zaxxer.hikari.HikariDataSource.getConnection/123 : HikariPool-1 - Start completed.
2020-04-10 00:07:49,360 DEBUG 10212 --- [http-nio-8086-exec-2] org.apache.ibatis.logging.jdbc.BaseJdbcLogger.debug/143 : ==>  Preparing: select password from user where id = ? 
2020-04-10 00:07:49,407 DEBUG 10212 --- [http-nio-8086-exec-2] org.apache.ibatis.logging.jdbc.BaseJdbcLogger.debug/143 : ==> Parameters: 1(Integer)
2020-04-10 00:07:49,499 DEBUG 10212 --- [http-nio-8086-exec-2] org.apache.ibatis.logging.jdbc.BaseJdbcLogger.debug/143 : <==      Total: 1
2020-04-10 00:08:00,093 DEBUG 10212 --- [http-nio-8086-exec-2] org.apache.ibatis.logging.jdbc.BaseJdbcLogger.debug/143 : ==>  Preparing: update user set password = ? where id = ? 
2020-04-10 00:08:00,096 DEBUG 10212 --- [http-nio-8086-exec-2] org.apache.ibatis.logging.jdbc.BaseJdbcLogger.debug/143 : ==> Parameters: fcea920f7412b5da7be0cf42b8c93759(String), 1(Integer)
2020-04-10 00:08:00,190 DEBUG 10212 --- [http-nio-8086-exec-2] org.apache.ibatis.logging.jdbc.BaseJdbcLogger.debug/143 : <==    Updates: 1
2020-04-10 00:45:27,212 DEBUG 10212 --- [http-nio-8086-exec-3] org.apache.ibatis.logging.jdbc.BaseJdbcLogger.debug/143 : ==>  Preparing: select * from car where car_name = ? and garage_id = ? 
2020-04-10 00:45:27,221 DEBUG 10212 --- [http-nio-8086-exec-3] org.apache.ibatis.logging.jdbc.BaseJdbcLogger.debug/143 : ==> Parameters: vfv(String), 18(Integer)
2020-04-10 00:45:27,279 DEBUG 10212 --- [http-nio-8086-exec-3] org.apache.ibatis.logging.jdbc.BaseJdbcLogger.debug/143 : <==      Total: 1
2020-04-10 00:46:25,139 WARN  10212 --- [HikariPool-1 housekeeper] com.zaxxer.hikari.pool.HikariPool$HouseKeeper.run/779 : HikariPool-1 - Thread starvation or clock leap detected (housekeeper delta=1m5s567ms760µs600ns).
2020-04-10 00:46:37,749 DEBUG 10212 --- [http-nio-8086-exec-4] org.apache.ibatis.logging.jdbc.BaseJdbcLogger.debug/143 : ==>  Preparing: select * from car where car_name = ? and garage_id = ? 
2020-04-10 00:46:37,751 DEBUG 10212 --- [http-nio-8086-exec-4] org.apache.ibatis.logging.jdbc.BaseJdbcLogger.debug/143 : ==> Parameters: asdas(String), 18(Integer)
2020-04-10 00:46:37,784 DEBUG 10212 --- [http-nio-8086-exec-4] org.apache.ibatis.logging.jdbc.BaseJdbcLogger.debug/143 : <==      Total: 0
2020-04-10 00:46:37,903 DEBUG 10212 --- [http-nio-8086-exec-4] org.apache.ibatis.logging.jdbc.BaseJdbcLogger.debug/143 : ==>  Preparing: INSERT INTO car ( id,car_name,car_location,car_status,car_type,car_price,car_price_time,garage_id ) VALUES( ?,?,?,?,?,?,?,? ) 
2020-04-10 00:46:37,912 DEBUG 10212 --- [http-nio-8086-exec-4] org.apache.ibatis.logging.jdbc.BaseJdbcLogger.debug/143 : ==> Parameters: null, asdas(String), null, null, 0(Integer), 2.0(Double), 3.0(Double), 18(Integer)
2020-04-10 00:46:37,996 DEBUG 10212 --- [http-nio-8086-exec-4] org.apache.ibatis.logging.jdbc.BaseJdbcLogger.debug/143 : <==    Updates: 1
2020-04-10 00:47:15,118 DEBUG 10212 --- [http-nio-8086-exec-5] org.apache.ibatis.logging.jdbc.BaseJdbcLogger.debug/143 : ==>  Preparing: select * from car where car_name = ? and garage_id = ? 
2020-04-10 00:47:15,125 DEBUG 10212 --- [http-nio-8086-exec-5] org.apache.ibatis.logging.jdbc.BaseJdbcLogger.debug/143 : ==> Parameters: aaaaa(String), 18(Integer)
2020-04-10 00:47:15,168 DEBUG 10212 --- [http-nio-8086-exec-5] org.apache.ibatis.logging.jdbc.BaseJdbcLogger.debug/143 : <==      Total: 0
2020-04-10 00:47:35,910 DEBUG 10212 --- [http-nio-8086-exec-5] org.apache.ibatis.logging.jdbc.BaseJdbcLogger.debug/143 : ==>  Preparing: INSERT INTO car ( id,car_name,car_location,car_status,car_type,car_price,car_price_time,garage_id ) VALUES( ?,?,?,?,?,?,?,? ) 
2020-04-10 00:47:35,935 DEBUG 10212 --- [http-nio-8086-exec-5] org.apache.ibatis.logging.jdbc.BaseJdbcLogger.debug/143 : ==> Parameters: null, aaaaa(String), null, null, 0(Integer), 2.0(Double), 3.0(Double), 18(Integer)
2020-04-10 00:47:36,029 DEBUG 10212 --- [http-nio-8086-exec-5] org.apache.ibatis.logging.jdbc.BaseJdbcLogger.debug/143 : <==    Updates: 1
2020-04-10 10:11:42,411 INFO  10408 --- [main] org.springframework.boot.StartupInfoLogger.logStarting/55 : Starting ParkingApplication on DESKTOP-HQCJC2V with PID 10408 (D:\IDEAWork\parking\target\classes started by lenovo in D:\IDEAWork\parking)
2020-04-10 10:11:42,416 INFO  10408 --- [main] org.springframework.boot.SpringApplication.logStartupProfileInfo/651 : No active profile set, falling back to default profiles: default
2020-04-10 10:11:43,937 WARN  10408 --- [main] org.mybatis.logging.Logger.warn/44 : No MyBatis mapper was found in '[com.aokai.parking]' package. Please check your configuration.
2020-04-10 10:11:44,726 INFO  10408 --- [main] org.springframework.boot.web.embedded.tomcat.TomcatWebServer.initialize/92 : Tomcat initialized with port(s): 8086 (http)
2020-04-10 10:11:44,741 INFO  10408 --- [main] org.apache.juli.logging.DirectJDKLog.log/173 : Initializing ProtocolHandler ["http-nio-8086"]
2020-04-10 10:11:44,742 INFO  10408 --- [main] org.apache.juli.logging.DirectJDKLog.log/173 : Starting service [Tomcat]
2020-04-10 10:11:44,743 INFO  10408 --- [main] org.apache.juli.logging.DirectJDKLog.log/173 : Starting Servlet engine: [Apache Tomcat/9.0.33]
2020-04-10 10:11:45,018 INFO  10408 --- [main] org.apache.juli.logging.DirectJDKLog.log/173 : Initializing Spring embedded WebApplicationContext
2020-04-10 10:11:45,019 INFO  10408 --- [main] org.springframework.boot.web.servlet.context.ServletWebServerApplicationContext.prepareWebApplicationContext/284 : Root WebApplicationContext: initialization completed in 2446 ms
2020-04-10 10:11:46,386 INFO  10408 --- [main] org.springframework.scheduling.concurrent.ExecutorConfigurationSupport.initialize/181 : Initializing ExecutorService 'applicationTaskExecutor'
2020-04-10 10:11:46,536 INFO  10408 --- [main] tk.mybatis.mapper.autoconfigure.MapperCacheDisabler.removeStaticCache/60 : Clear tk.mybatis.mapper.util.MsUtil CLASS_CACHE cache.
2020-04-10 10:11:46,537 INFO  10408 --- [main] tk.mybatis.mapper.autoconfigure.MapperCacheDisabler.removeStaticCache/60 : Clear tk.mybatis.mapper.genid.GenIdUtil CACHE cache.
2020-04-10 10:11:46,538 INFO  10408 --- [main] tk.mybatis.mapper.autoconfigure.MapperCacheDisabler.removeStaticCache/60 : Clear tk.mybatis.mapper.version.VersionUtil CACHE cache.
2020-04-10 10:11:46,538 INFO  10408 --- [main] tk.mybatis.mapper.autoconfigure.MapperCacheDisabler.removeEntityHelperCache/83 : Clear EntityHelper entityTableMap cache.
2020-04-10 10:11:46,668 INFO  10408 --- [main] org.apache.juli.logging.DirectJDKLog.log/173 : Starting ProtocolHandler ["http-nio-8086"]
2020-04-10 10:11:46,700 INFO  10408 --- [main] org.springframework.boot.web.embedded.tomcat.TomcatWebServer.start/204 : Tomcat started on port(s): 8086 (http) with context path ''
2020-04-10 10:11:46,705 INFO  10408 --- [main] org.springframework.boot.StartupInfoLogger.logStarted/61 : Started ParkingApplication in 5.046 seconds (JVM running for 8.731)
2020-04-10 14:26:33,884 INFO  10408 --- [SpringContextShutdownHook] org.springframework.scheduling.concurrent.ExecutorConfigurationSupport.shutdown/218 : Shutting down ExecutorService 'applicationTaskExecutor'
2020-04-10 14:26:50,333 INFO  14716 --- [main] org.springframework.boot.StartupInfoLogger.logStarting/55 : Starting ParkingApplication on DESKTOP-HQCJC2V with PID 14716 (D:\IDEAWork\parking\target\classes started by lenovo in D:\IDEAWork\parking)
2020-04-10 14:26:50,338 INFO  14716 --- [main] org.springframework.boot.SpringApplication.logStartupProfileInfo/651 : No active profile set, falling back to default profiles: default
2020-04-10 14:26:51,481 WARN  14716 --- [main] org.mybatis.logging.Logger.warn/44 : No MyBatis mapper was found in '[com.aokai.parking]' package. Please check your configuration.
2020-04-10 14:26:52,039 INFO  14716 --- [main] org.springframework.boot.web.embedded.tomcat.TomcatWebServer.initialize/92 : Tomcat initialized with port(s): 8086 (http)
2020-04-10 14:26:52,055 INFO  14716 --- [main] org.apache.juli.logging.DirectJDKLog.log/173 : Initializing ProtocolHandler ["http-nio-8086"]
2020-04-10 14:26:52,056 INFO  14716 --- [main] org.apache.juli.logging.DirectJDKLog.log/173 : Starting service [Tomcat]
2020-04-10 14:26:52,057 INFO  14716 --- [main] org.apache.juli.logging.DirectJDKLog.log/173 : Starting Servlet engine: [Apache Tomcat/9.0.33]
2020-04-10 14:26:52,218 INFO  14716 --- [main] org.apache.juli.logging.DirectJDKLog.log/173 : Initializing Spring embedded WebApplicationContext
2020-04-10 14:26:52,219 INFO  14716 --- [main] org.springframework.boot.web.servlet.context.ServletWebServerApplicationContext.prepareWebApplicationContext/284 : Root WebApplicationContext: initialization completed in 1776 ms
2020-04-10 14:26:53,150 INFO  14716 --- [main] org.springframework.scheduling.concurrent.ExecutorConfigurationSupport.initialize/181 : Initializing ExecutorService 'applicationTaskExecutor'
2020-04-10 14:26:53,322 INFO  14716 --- [main] tk.mybatis.mapper.autoconfigure.MapperCacheDisabler.removeStaticCache/60 : Clear tk.mybatis.mapper.util.MsUtil CLASS_CACHE cache.
2020-04-10 14:26:53,323 INFO  14716 --- [main] tk.mybatis.mapper.autoconfigure.MapperCacheDisabler.removeStaticCache/60 : Clear tk.mybatis.mapper.genid.GenIdUtil CACHE cache.
2020-04-10 14:26:53,324 INFO  14716 --- [main] tk.mybatis.mapper.autoconfigure.MapperCacheDisabler.removeStaticCache/60 : Clear tk.mybatis.mapper.version.VersionUtil CACHE cache.
2020-04-10 14:26:53,324 INFO  14716 --- [main] tk.mybatis.mapper.autoconfigure.MapperCacheDisabler.removeEntityHelperCache/83 : Clear EntityHelper entityTableMap cache.
2020-04-10 14:26:53,460 INFO  14716 --- [main] org.apache.juli.logging.DirectJDKLog.log/173 : Starting ProtocolHandler ["http-nio-8086"]
2020-04-10 14:26:53,488 INFO  14716 --- [main] org.springframework.boot.web.embedded.tomcat.TomcatWebServer.start/204 : Tomcat started on port(s): 8086 (http) with context path ''
2020-04-10 14:26:53,493 INFO  14716 --- [main] org.springframework.boot.StartupInfoLogger.logStarted/61 : Started ParkingApplication in 4.196 seconds (JVM running for 5.838)
2020-04-10 14:27:37,038 INFO  14716 --- [http-nio-8086-exec-1] org.apache.juli.logging.DirectJDKLog.log/173 : Initializing Spring DispatcherServlet 'dispatcherServlet'
2020-04-10 14:27:37,038 INFO  14716 --- [http-nio-8086-exec-1] org.springframework.web.servlet.FrameworkServlet.initServletBean/525 : Initializing Servlet 'dispatcherServlet'
2020-04-10 14:27:37,049 INFO  14716 --- [http-nio-8086-exec-1] org.springframework.web.servlet.FrameworkServlet.initServletBean/547 : Completed initialization in 9 ms
2020-04-10 14:27:37,322 INFO  14716 --- [http-nio-8086-exec-1] com.zaxxer.hikari.HikariDataSource.getConnection/110 : HikariPool-1 - Starting...
2020-04-10 14:27:37,891 INFO  14716 --- [http-nio-8086-exec-1] com.zaxxer.hikari.HikariDataSource.getConnection/123 : HikariPool-1 - Start completed.
2020-04-10 14:27:37,910 DEBUG 14716 --- [http-nio-8086-exec-1] org.apache.ibatis.logging.jdbc.BaseJdbcLogger.debug/143 : ==>  Preparing: select * from user where username = ? and password = ? 
2020-04-10 14:27:37,949 DEBUG 14716 --- [http-nio-8086-exec-1] org.apache.ibatis.logging.jdbc.BaseJdbcLogger.debug/143 : ==> Parameters: 123456(String), e10adc3949ba59abbe56e057f20f883e(String)
2020-04-10 14:27:38,024 DEBUG 14716 --- [http-nio-8086-exec-1] org.apache.ibatis.logging.jdbc.BaseJdbcLogger.debug/143 : <==      Total: 0
2020-04-10 14:27:46,970 DEBUG 14716 --- [http-nio-8086-exec-2] org.apache.ibatis.logging.jdbc.BaseJdbcLogger.debug/143 : ==>  Preparing: select * from user where username = ? and password = ? 
2020-04-10 14:27:46,971 DEBUG 14716 --- [http-nio-8086-exec-2] org.apache.ibatis.logging.jdbc.BaseJdbcLogger.debug/143 : ==> Parameters: 123456(String), fcea920f7412b5da7be0cf42b8c93759(String)
2020-04-10 14:27:47,015 DEBUG 14716 --- [http-nio-8086-exec-2] org.apache.ibatis.logging.jdbc.BaseJdbcLogger.debug/143 : <==      Total: 1
2020-04-10 14:28:42,218 WARN  14716 --- [http-nio-8086-exec-5] org.springframework.web.servlet.handler.AbstractHandlerExceptionResolver.logException/199 : Resolved [org.springframework.http.converter.HttpMessageNotReadableException: JSON parse error: Cannot deserialize instance of `java.lang.Integer` out of START_OBJECT token; nested exception is com.fasterxml.jackson.databind.exc.MismatchedInputException: Cannot deserialize instance of `java.lang.Integer` out of START_OBJECT token
 at [Source: (PushbackInputStream); line: 1, column: 1]]
2020-04-10 14:29:00,381 WARN  14716 --- [http-nio-8086-exec-3] org.springframework.web.servlet.handler.AbstractHandlerExceptionResolver.logException/199 : Resolved [org.springframework.http.converter.HttpMessageNotReadableException: JSON parse error: Cannot deserialize instance of `java.lang.Integer` out of START_OBJECT token; nested exception is com.fasterxml.jackson.databind.exc.MismatchedInputException: Cannot deserialize instance of `java.lang.Integer` out of START_OBJECT token
 at [Source: (PushbackInputStream); line: 1, column: 1]]
2020-04-10 16:21:04,058 WARN  14716 --- [HikariPool-1 housekeeper] com.zaxxer.hikari.pool.HikariPool$HouseKeeper.run/779 : HikariPool-1 - Thread starvation or clock leap detected (housekeeper delta=58m25s946ms230µs900ns).
2020-04-10 16:38:45,934 WARN  14716 --- [http-nio-8086-exec-6] org.springframework.web.servlet.handler.AbstractHandlerExceptionResolver.logException/199 : Resolved [org.springframework.http.converter.HttpMessageNotReadableException: JSON parse error: Cannot deserialize instance of `java.lang.Integer` out of START_OBJECT token; nested exception is com.fasterxml.jackson.databind.exc.MismatchedInputException: Cannot deserialize instance of `java.lang.Integer` out of START_OBJECT token
 at [Source: (PushbackInputStream); line: 1, column: 1]]
2020-04-10 16:38:56,862 INFO  14716 --- [SpringContextShutdownHook] org.springframework.scheduling.concurrent.ExecutorConfigurationSupport.shutdown/218 : Shutting down ExecutorService 'applicationTaskExecutor'
2020-04-10 16:38:56,868 INFO  14716 --- [SpringContextShutdownHook] com.zaxxer.hikari.HikariDataSource.close/350 : HikariPool-1 - Shutdown initiated...
2020-04-10 16:38:56,882 INFO  14716 --- [SpringContextShutdownHook] com.zaxxer.hikari.HikariDataSource.close/352 : HikariPool-1 - Shutdown completed.
2020-04-10 16:39:07,280 INFO  9164 --- [main] org.springframework.boot.StartupInfoLogger.logStarting/55 : Starting ParkingApplication on DESKTOP-HQCJC2V with PID 9164 (D:\IDEAWork\parking\target\classes started by lenovo in D:\IDEAWork\parking)
2020-04-10 16:39:07,284 INFO  9164 --- [main] org.springframework.boot.SpringApplication.logStartupProfileInfo/651 : No active profile set, falling back to default profiles: default
2020-04-10 16:39:08,385 WARN  9164 --- [main] org.mybatis.logging.Logger.warn/44 : No MyBatis mapper was found in '[com.aokai.parking]' package. Please check your configuration.
2020-04-10 16:39:08,882 INFO  9164 --- [main] org.springframework.boot.web.embedded.tomcat.TomcatWebServer.initialize/92 : Tomcat initialized with port(s): 8086 (http)
2020-04-10 16:39:08,893 INFO  9164 --- [main] org.apache.juli.logging.DirectJDKLog.log/173 : Initializing ProtocolHandler ["http-nio-8086"]
2020-04-10 16:39:08,894 INFO  9164 --- [main] org.apache.juli.logging.DirectJDKLog.log/173 : Starting service [Tomcat]
2020-04-10 16:39:08,894 INFO  9164 --- [main] org.apache.juli.logging.DirectJDKLog.log/173 : Starting Servlet engine: [Apache Tomcat/9.0.33]
2020-04-10 16:39:09,035 INFO  9164 --- [main] org.apache.juli.logging.DirectJDKLog.log/173 : Initializing Spring embedded WebApplicationContext
2020-04-10 16:39:09,035 INFO  9164 --- [main] org.springframework.boot.web.servlet.context.ServletWebServerApplicationContext.prepareWebApplicationContext/284 : Root WebApplicationContext: initialization completed in 1615 ms
2020-04-10 16:39:09,959 INFO  9164 --- [main] org.springframework.scheduling.concurrent.ExecutorConfigurationSupport.initialize/181 : Initializing ExecutorService 'applicationTaskExecutor'
2020-04-10 16:39:10,089 INFO  9164 --- [main] tk.mybatis.mapper.autoconfigure.MapperCacheDisabler.removeStaticCache/60 : Clear tk.mybatis.mapper.util.MsUtil CLASS_CACHE cache.
2020-04-10 16:39:10,090 INFO  9164 --- [main] tk.mybatis.mapper.autoconfigure.MapperCacheDisabler.removeStaticCache/60 : Clear tk.mybatis.mapper.genid.GenIdUtil CACHE cache.
2020-04-10 16:39:10,091 INFO  9164 --- [main] tk.mybatis.mapper.autoconfigure.MapperCacheDisabler.removeStaticCache/60 : Clear tk.mybatis.mapper.version.VersionUtil CACHE cache.
2020-04-10 16:39:10,092 INFO  9164 --- [main] tk.mybatis.mapper.autoconfigure.MapperCacheDisabler.removeEntityHelperCache/83 : Clear EntityHelper entityTableMap cache.
2020-04-10 16:39:10,221 INFO  9164 --- [main] org.apache.juli.logging.DirectJDKLog.log/173 : Starting ProtocolHandler ["http-nio-8086"]
2020-04-10 16:39:10,259 INFO  9164 --- [main] org.springframework.boot.web.embedded.tomcat.TomcatWebServer.start/204 : Tomcat started on port(s): 8086 (http) with context path ''
2020-04-10 16:39:10,265 INFO  9164 --- [main] org.springframework.boot.StartupInfoLogger.logStarted/61 : Started ParkingApplication in 3.813 seconds (JVM running for 5.06)
2020-04-10 16:39:21,122 INFO  9164 --- [http-nio-8086-exec-2] org.apache.juli.logging.DirectJDKLog.log/173 : Initializing Spring DispatcherServlet 'dispatcherServlet'
2020-04-10 16:39:21,122 INFO  9164 --- [http-nio-8086-exec-2] org.springframework.web.servlet.FrameworkServlet.initServletBean/525 : Initializing Servlet 'dispatcherServlet'
2020-04-10 16:39:21,128 INFO  9164 --- [http-nio-8086-exec-2] org.springframework.web.servlet.FrameworkServlet.initServletBean/547 : Completed initialization in 5 ms
2020-04-10 16:39:36,652 INFO  9164 --- [http-nio-8086-exec-2] com.zaxxer.hikari.HikariDataSource.getConnection/110 : HikariPool-1 - Starting...
2020-04-10 16:39:37,363 INFO  9164 --- [http-nio-8086-exec-2] com.zaxxer.hikari.HikariDataSource.getConnection/123 : HikariPool-1 - Start completed.
2020-04-10 16:39:37,374 DEBUG 9164 --- [http-nio-8086-exec-2] org.apache.ibatis.logging.jdbc.BaseJdbcLogger.debug/143 : ==>  Preparing: delete from user where id = ? 
2020-04-10 16:39:37,412 DEBUG 9164 --- [http-nio-8086-exec-2] org.apache.ibatis.logging.jdbc.BaseJdbcLogger.debug/143 : ==> Parameters: 4(Integer)
2020-04-10 16:39:37,490 DEBUG 9164 --- [http-nio-8086-exec-2] org.apache.ibatis.logging.jdbc.BaseJdbcLogger.debug/143 : <==    Updates: 1
2020-04-10 16:40:22,157 DEBUG 9164 --- [http-nio-8086-exec-1] org.apache.ibatis.logging.jdbc.BaseJdbcLogger.debug/143 : ==>  Preparing: SELECT id,garage_name,garage_location,garage_description,garage_total,garage_code,garage_price,garage_pricetime FROM garage 
2020-04-10 16:40:22,158 DEBUG 9164 --- [http-nio-8086-exec-1] org.apache.ibatis.logging.jdbc.BaseJdbcLogger.debug/143 : ==> Parameters: 
2020-04-10 16:40:22,226 DEBUG 9164 --- [http-nio-8086-exec-1] org.apache.ibatis.logging.jdbc.BaseJdbcLogger.debug/143 : <==      Total: 4
2020-04-10 16:41:49,008 DEBUG 9164 --- [http-nio-8086-exec-4] org.apache.ibatis.logging.jdbc.BaseJdbcLogger.debug/143 : ==>  Preparing: DELETE FROM garage WHERE id = ? 
2020-04-10 16:41:49,009 DEBUG 9164 --- [http-nio-8086-exec-4] org.apache.ibatis.logging.jdbc.BaseJdbcLogger.debug/143 : ==> Parameters: 18(Integer)
2020-04-10 16:41:49,080 DEBUG 9164 --- [http-nio-8086-exec-4] org.apache.ibatis.logging.jdbc.BaseJdbcLogger.debug/143 : <==    Updates: 1
2020-04-10 16:42:47,629 DEBUG 9164 --- [http-nio-8086-exec-6] org.apache.ibatis.logging.jdbc.BaseJdbcLogger.debug/143 : ==>  Preparing: DELETE FROM garage WHERE id = ? 
2020-04-10 16:42:47,631 DEBUG 9164 --- [http-nio-8086-exec-6] org.apache.ibatis.logging.jdbc.BaseJdbcLogger.debug/143 : ==> Parameters: 19(Integer)
2020-04-10 16:42:47,706 DEBUG 9164 --- [http-nio-8086-exec-6] org.apache.ibatis.logging.jdbc.BaseJdbcLogger.debug/143 : <==    Updates: 1
2020-04-10 16:44:48,206 DEBUG 9164 --- [http-nio-8086-exec-8] org.apache.ibatis.logging.jdbc.BaseJdbcLogger.debug/143 : ==>  Preparing: select * from car where garage_id = ? 
2020-04-10 16:44:48,207 DEBUG 9164 --- [http-nio-8086-exec-8] org.apache.ibatis.logging.jdbc.BaseJdbcLogger.debug/143 : ==> Parameters: 18(Integer)
2020-04-10 16:44:48,251 DEBUG 9164 --- [http-nio-8086-exec-8] org.apache.ibatis.logging.jdbc.BaseJdbcLogger.debug/143 : <==      Total: 8
2020-04-10 16:51:34,427 DEBUG 9164 --- [http-nio-8086-exec-10] org.apache.ibatis.logging.jdbc.BaseJdbcLogger.debug/143 : ==>  Preparing: select * from car where garage_id = ? 
2020-04-10 16:51:34,428 DEBUG 9164 --- [http-nio-8086-exec-10] org.apache.ibatis.logging.jdbc.BaseJdbcLogger.debug/143 : ==> Parameters: 18(Integer)
2020-04-10 16:51:34,463 DEBUG 9164 --- [http-nio-8086-exec-10] org.apache.ibatis.logging.jdbc.BaseJdbcLogger.debug/143 : <==      Total: 8
2020-04-10 16:51:53,639 DEBUG 9164 --- [http-nio-8086-exec-9] org.apache.ibatis.logging.jdbc.BaseJdbcLogger.debug/143 : ==>  Preparing: select * from car where garage_id = ? 
2020-04-10 16:51:53,641 DEBUG 9164 --- [http-nio-8086-exec-9] org.apache.ibatis.logging.jdbc.BaseJdbcLogger.debug/143 : ==> Parameters: 18(Integer)
2020-04-10 16:51:53,679 DEBUG 9164 --- [http-nio-8086-exec-9] org.apache.ibatis.logging.jdbc.BaseJdbcLogger.debug/143 : <==      Total: 8
2020-04-10 16:52:54,206 WARN  9164 --- [HikariPool-1 housekeeper] com.zaxxer.hikari.pool.HikariPool$HouseKeeper.run/779 : HikariPool-1 - Thread starvation or clock leap detected (housekeeper delta=1m16s707ms336µs800ns).
2020-04-10 16:53:00,104 DEBUG 9164 --- [http-nio-8086-exec-2] org.apache.ibatis.logging.jdbc.BaseJdbcLogger.debug/143 : ==>  Preparing: select * from car where garage_id = ? 
2020-04-10 16:53:00,105 DEBUG 9164 --- [http-nio-8086-exec-2] org.apache.ibatis.logging.jdbc.BaseJdbcLogger.debug/143 : ==> Parameters: 18(Integer)
2020-04-10 16:53:00,144 DEBUG 9164 --- [http-nio-8086-exec-2] org.apache.ibatis.logging.jdbc.BaseJdbcLogger.debug/143 : <==      Total: 8
2020-04-10 16:58:32,990 WARN  9164 --- [HikariPool-1 housekeeper] com.zaxxer.hikari.pool.HikariPool$HouseKeeper.run/779 : HikariPool-1 - Thread starvation or clock leap detected (housekeeper delta=5m38s784ms20µs900ns).
2020-04-10 16:58:33,049 INFO  9164 --- [SpringContextShutdownHook] org.springframework.scheduling.concurrent.ExecutorConfigurationSupport.shutdown/218 : Shutting down ExecutorService 'applicationTaskExecutor'
2020-04-10 16:58:33,050 INFO  9164 --- [SpringContextShutdownHook] com.zaxxer.hikari.HikariDataSource.close/350 : HikariPool-1 - Shutdown initiated...
2020-04-10 16:58:33,085 INFO  9164 --- [SpringContextShutdownHook] com.zaxxer.hikari.HikariDataSource.close/352 : HikariPool-1 - Shutdown completed.
2020-04-10 16:58:42,309 INFO  3392 --- [main] org.springframework.boot.StartupInfoLogger.logStarting/55 : Starting ParkingApplication on DESKTOP-HQCJC2V with PID 3392 (D:\IDEAWork\parking\target\classes started by lenovo in D:\IDEAWork\parking)
2020-04-10 16:58:42,314 INFO  3392 --- [main] org.springframework.boot.SpringApplication.logStartupProfileInfo/651 : No active profile set, falling back to default profiles: default
2020-04-10 16:58:43,477 WARN  3392 --- [main] org.mybatis.logging.Logger.warn/44 : No MyBatis mapper was found in '[com.aokai.parking]' package. Please check your configuration.
2020-04-10 16:58:43,990 INFO  3392 --- [main] org.springframework.boot.web.embedded.tomcat.TomcatWebServer.initialize/92 : Tomcat initialized with port(s): 8086 (http)
2020-04-10 16:58:44,003 INFO  3392 --- [main] org.apache.juli.logging.DirectJDKLog.log/173 : Initializing ProtocolHandler ["http-nio-8086"]
2020-04-10 16:58:44,004 INFO  3392 --- [main] org.apache.juli.logging.DirectJDKLog.log/173 : Starting service [Tomcat]
2020-04-10 16:58:44,005 INFO  3392 --- [main] org.apache.juli.logging.DirectJDKLog.log/173 : Starting Servlet engine: [Apache Tomcat/9.0.33]
2020-04-10 16:58:44,152 INFO  3392 --- [main] org.apache.juli.logging.DirectJDKLog.log/173 : Initializing Spring embedded WebApplicationContext
2020-04-10 16:58:44,152 INFO  3392 --- [main] org.springframework.boot.web.servlet.context.ServletWebServerApplicationContext.prepareWebApplicationContext/284 : Root WebApplicationContext: initialization completed in 1699 ms
2020-04-10 16:58:45,139 INFO  3392 --- [main] org.springframework.scheduling.concurrent.ExecutorConfigurationSupport.initialize/181 : Initializing ExecutorService 'applicationTaskExecutor'
2020-04-10 16:58:45,349 INFO  3392 --- [main] tk.mybatis.mapper.autoconfigure.MapperCacheDisabler.removeStaticCache/60 : Clear tk.mybatis.mapper.util.MsUtil CLASS_CACHE cache.
2020-04-10 16:58:45,352 INFO  3392 --- [main] tk.mybatis.mapper.autoconfigure.MapperCacheDisabler.removeStaticCache/60 : Clear tk.mybatis.mapper.genid.GenIdUtil CACHE cache.
2020-04-10 16:58:45,355 INFO  3392 --- [main] tk.mybatis.mapper.autoconfigure.MapperCacheDisabler.removeStaticCache/60 : Clear tk.mybatis.mapper.version.VersionUtil CACHE cache.
2020-04-10 16:58:45,356 INFO  3392 --- [main] tk.mybatis.mapper.autoconfigure.MapperCacheDisabler.removeEntityHelperCache/83 : Clear EntityHelper entityTableMap cache.
2020-04-10 16:58:45,550 INFO  3392 --- [main] org.apache.juli.logging.DirectJDKLog.log/173 : Starting ProtocolHandler ["http-nio-8086"]
2020-04-10 16:58:45,637 INFO  3392 --- [main] org.springframework.boot.web.embedded.tomcat.TomcatWebServer.start/204 : Tomcat started on port(s): 8086 (http) with context path ''
2020-04-10 16:58:45,643 INFO  3392 --- [main] org.springframework.boot.StartupInfoLogger.logStarted/61 : Started ParkingApplication in 4.138 seconds (JVM running for 5.586)
2020-04-10 16:58:50,564 INFO  3392 --- [http-nio-8086-exec-1] org.apache.juli.logging.DirectJDKLog.log/173 : Initializing Spring DispatcherServlet 'dispatcherServlet'
2020-04-10 16:58:50,564 INFO  3392 --- [http-nio-8086-exec-1] org.springframework.web.servlet.FrameworkServlet.initServletBean/525 : Initializing Servlet 'dispatcherServlet'
2020-04-10 16:58:50,574 INFO  3392 --- [http-nio-8086-exec-1] org.springframework.web.servlet.FrameworkServlet.initServletBean/547 : Completed initialization in 9 ms
2020-04-10 16:58:56,739 INFO  3392 --- [http-nio-8086-exec-1] com.zaxxer.hikari.HikariDataSource.getConnection/110 : HikariPool-1 - Starting...
2020-04-10 16:58:57,767 INFO  3392 --- [http-nio-8086-exec-1] com.zaxxer.hikari.HikariDataSource.getConnection/123 : HikariPool-1 - Start completed.
2020-04-10 16:58:57,847 DEBUG 3392 --- [http-nio-8086-exec-1] org.apache.ibatis.logging.jdbc.BaseJdbcLogger.debug/143 : ==>  Preparing: select * from car where garage_id = ? 
2020-04-10 16:58:58,223 DEBUG 3392 --- [http-nio-8086-exec-1] org.apache.ibatis.logging.jdbc.BaseJdbcLogger.debug/143 : ==> Parameters: 18(Integer)
2020-04-10 16:59:01,465 ERROR 3392 --- [http-nio-8086-exec-1] org.apache.juli.logging.DirectJDKLog.log/175 : Servlet.service() for servlet [dispatcherServlet] in context with path [] threw exception [Request processing failed; nested exception is org.mybatis.spring.MyBatisSystemException: nested exception is org.apache.ibatis.exceptions.PersistenceException: 
### Error querying database.  Cause: java.lang.UnsupportedOperationException
### The error may exist in file [D:\IDEAWork\parking\target\classes\mapper\CarMapper.xml]
### The error may involve com.aokai.parking.dao.CarMapper.getCarList
### The error occurred while handling results
### SQL: select * from car where garage_id = ?
### Cause: java.lang.UnsupportedOperationException] with root cause
java.lang.UnsupportedOperationException: null
	at org.apache.ibatis.reflection.wrapper.CollectionWrapper.findProperty(CollectionWrapper.java:48)
	at org.apache.ibatis.reflection.MetaObject.findProperty(MetaObject.java:85)
	at org.apache.ibatis.executor.resultset.DefaultResultSetHandler.createAutomaticMappings(DefaultResultSetHandler.java:493)
	at org.apache.ibatis.executor.resultset.DefaultResultSetHandler.applyAutomaticMappings(DefaultResultSetHandler.java:517)
	at org.apache.ibatis.executor.resultset.DefaultResultSetHandler.getRowValue(DefaultResultSetHandler.java:402)
	at org.apache.ibatis.executor.resultset.DefaultResultSetHandler.handleRowValuesForSimpleResultMap(DefaultResultSetHandler.java:354)
	at org.apache.ibatis.executor.resultset.DefaultResultSetHandler.handleRowValues(DefaultResultSetHandler.java:328)
	at org.apache.ibatis.executor.resultset.DefaultResultSetHandler.handleResultSet(DefaultResultSetHandler.java:301)
	at org.apache.ibatis.executor.resultset.DefaultResultSetHandler.handleResultSets(DefaultResultSetHandler.java:194)
	at org.apache.ibatis.executor.statement.PreparedStatementHandler.query(PreparedStatementHandler.java:65)
	at org.apache.ibatis.executor.statement.RoutingStatementHandler.query(RoutingStatementHandler.java:79)
	at org.apache.ibatis.executor.SimpleExecutor.doQuery(SimpleExecutor.java:63)
	at org.apache.ibatis.executor.BaseExecutor.queryFromDatabase(BaseExecutor.java:324)
	at org.apache.ibatis.executor.BaseExecutor.query(BaseExecutor.java:156)
	at org.apache.ibatis.executor.CachingExecutor.query(CachingExecutor.java:109)
	at com.github.pagehelper.PageInterceptor.intercept(PageInterceptor.java:108)
	at org.apache.ibatis.plugin.Plugin.invoke(Plugin.java:61)
	at com.sun.proxy.$Proxy98.query(Unknown Source)
	at org.apache.ibatis.session.defaults.DefaultSqlSession.selectList(DefaultSqlSession.java:147)
	at org.apache.ibatis.session.defaults.DefaultSqlSession.selectList(DefaultSqlSession.java:140)
	at sun.reflect.NativeMethodAccessorImpl.invoke0(Native Method)
	at sun.reflect.NativeMethodAccessorImpl.invoke(NativeMethodAccessorImpl.java:62)
	at sun.reflect.DelegatingMethodAccessorImpl.invoke(DelegatingMethodAccessorImpl.java:43)
	at java.lang.reflect.Method.invoke(Method.java:498)
	at org.mybatis.spring.SqlSessionTemplate$SqlSessionInterceptor.invoke(SqlSessionTemplate.java:426)
	at com.sun.proxy.$Proxy67.selectList(Unknown Source)
	at org.mybatis.spring.SqlSessionTemplate.selectList(SqlSessionTemplate.java:223)
	at org.apache.ibatis.binding.MapperMethod.executeForMany(MapperMethod.java:147)
	at org.apache.ibatis.binding.MapperMethod.execute(MapperMethod.java:80)
	at org.apache.ibatis.binding.MapperProxy.invoke(MapperProxy.java:57)
	at com.sun.proxy.$Proxy72.getCarList(Unknown Source)
	at sun.reflect.NativeMethodAccessorImpl.invoke0(Native Method)
	at sun.reflect.NativeMethodAccessorImpl.invoke(NativeMethodAccessorImpl.java:62)
	at sun.reflect.DelegatingMethodAccessorImpl.invoke(DelegatingMethodAccessorImpl.java:43)
	at java.lang.reflect.Method.invoke(Method.java:498)
	at org.springframework.aop.support.AopUtils.invokeJoinpointUsingReflection(AopUtils.java:344)
	at org.springframework.aop.framework.ReflectiveMethodInvocation.invokeJoinpoint(ReflectiveMethodInvocation.java:198)
	at org.springframework.aop.framework.ReflectiveMethodInvocation.proceed(ReflectiveMethodInvocation.java:163)
	at org.springframework.dao.support.PersistenceExceptionTranslationInterceptor.invoke(PersistenceExceptionTranslationInterceptor.java:139)
	at org.springframework.aop.framework.ReflectiveMethodInvocation.proceed(ReflectiveMethodInvocation.java:186)
	at org.springframework.aop.framework.JdkDynamicAopProxy.invoke(JdkDynamicAopProxy.java:212)
	at com.sun.proxy.$Proxy73.getCarList(Unknown Source)
	at com.aokai.parking.service.Impl.CarServiceImpl.getCarList(CarServiceImpl.java:31)
	at com.aokai.parking.controller.CarController.getCarList(CarController.java:51)
	at sun.reflect.NativeMethodAccessorImpl.invoke0(Native Method)
	at sun.reflect.NativeMethodAccessorImpl.invoke(NativeMethodAccessorImpl.java:62)
	at sun.reflect.DelegatingMethodAccessorImpl.invoke(DelegatingMethodAccessorImpl.java:43)
	at java.lang.reflect.Method.invoke(Method.java:498)
	at org.springframework.web.method.support.InvocableHandlerMethod.doInvoke(InvocableHandlerMethod.java:190)
	at org.springframework.web.method.support.InvocableHandlerMethod.invokeForRequest(InvocableHandlerMethod.java:138)
	at org.springframework.web.servlet.mvc.method.annotation.ServletInvocableHandlerMethod.invokeAndHandle(ServletInvocableHandlerMethod.java:105)
	at org.springframework.web.servlet.mvc.method.annotation.RequestMappingHandlerAdapter.invokeHandlerMethod(RequestMappingHandlerAdapter.java:879)
	at org.springframework.web.servlet.mvc.method.annotation.RequestMappingHandlerAdapter.handleInternal(RequestMappingHandlerAdapter.java:793)
	at org.springframework.web.servlet.mvc.method.AbstractHandlerMethodAdapter.handle(AbstractHandlerMethodAdapter.java:87)
	at org.springframework.web.servlet.DispatcherServlet.doDispatch(DispatcherServlet.java:1040)
	at org.springframework.web.servlet.DispatcherServlet.doService(DispatcherServlet.java:943)
	at org.springframework.web.servlet.FrameworkServlet.processRequest(FrameworkServlet.java:1006)
	at org.springframework.web.servlet.FrameworkServlet.doPost(FrameworkServlet.java:909)
	at javax.servlet.http.HttpServlet.service(HttpServlet.java:660)
	at org.springframework.web.servlet.FrameworkServlet.service(FrameworkServlet.java:883)
	at javax.servlet.http.HttpServlet.service(HttpServlet.java:741)
	at org.apache.catalina.core.ApplicationFilterChain.internalDoFilter(ApplicationFilterChain.java:231)
	at org.apache.catalina.core.ApplicationFilterChain.doFilter(ApplicationFilterChain.java:166)
	at org.apache.tomcat.websocket.server.WsFilter.doFilter(WsFilter.java:53)
	at org.apache.catalina.core.ApplicationFilterChain.internalDoFilter(ApplicationFilterChain.java:193)
	at org.apache.catalina.core.ApplicationFilterChain.doFilter(ApplicationFilterChain.java:166)
	at org.springframework.web.filter.RequestContextFilter.doFilterInternal(RequestContextFilter.java:100)
	at org.springframework.web.filter.OncePerRequestFilter.doFilter(OncePerRequestFilter.java:119)
	at org.apache.catalina.core.ApplicationFilterChain.internalDoFilter(ApplicationFilterChain.java:193)
	at org.apache.catalina.core.ApplicationFilterChain.doFilter(ApplicationFilterChain.java:166)
	at org.springframework.web.filter.FormContentFilter.doFilterInternal(FormContentFilter.java:93)
	at org.springframework.web.filter.OncePerRequestFilter.doFilter(OncePerRequestFilter.java:119)
	at org.apache.catalina.core.ApplicationFilterChain.internalDoFilter(ApplicationFilterChain.java:193)
	at org.apache.catalina.core.ApplicationFilterChain.doFilter(ApplicationFilterChain.java:166)
	at org.springframework.web.filter.CharacterEncodingFilter.doFilterInternal(CharacterEncodingFilter.java:201)
	at org.springframework.web.filter.OncePerRequestFilter.doFilter(OncePerRequestFilter.java:119)
	at org.apache.catalina.core.ApplicationFilterChain.internalDoFilter(ApplicationFilterChain.java:193)
	at org.apache.catalina.core.ApplicationFilterChain.doFilter(ApplicationFilterChain.java:166)
	at org.apache.catalina.core.StandardWrapperValve.invoke(StandardWrapperValve.java:202)
	at org.apache.catalina.core.StandardContextValve.invoke(StandardContextValve.java:96)
	at org.apache.catalina.authenticator.AuthenticatorBase.invoke(AuthenticatorBase.java:541)
	at org.apache.catalina.core.StandardHostValve.invoke(StandardHostValve.java:139)
	at org.apache.catalina.valves.ErrorReportValve.invoke(ErrorReportValve.java:92)
	at org.apache.catalina.core.StandardEngineValve.invoke(StandardEngineValve.java:74)
	at org.apache.catalina.connector.CoyoteAdapter.service(CoyoteAdapter.java:343)
	at org.apache.coyote.http11.Http11Processor.service(Http11Processor.java:373)
	at org.apache.coyote.AbstractProcessorLight.process(AbstractProcessorLight.java:65)
	at org.apache.coyote.AbstractProtocol$ConnectionHandler.process(AbstractProtocol.java:868)
	at org.apache.tomcat.util.net.NioEndpoint$SocketProcessor.doRun(NioEndpoint.java:1594)
	at org.apache.tomcat.util.net.SocketProcessorBase.run(SocketProcessorBase.java:49)
	at java.util.concurrent.ThreadPoolExecutor.runWorker(ThreadPoolExecutor.java:1149)
	at java.util.concurrent.ThreadPoolExecutor$Worker.run(ThreadPoolExecutor.java:624)
	at org.apache.tomcat.util.threads.TaskThread$WrappingRunnable.run(TaskThread.java:61)
	at java.lang.Thread.run(Thread.java:748)
2020-04-10 16:59:34,393 INFO  3392 --- [SpringContextShutdownHook] org.springframework.scheduling.concurrent.ExecutorConfigurationSupport.shutdown/218 : Shutting down ExecutorService 'applicationTaskExecutor'
2020-04-10 16:59:34,395 INFO  3392 --- [SpringContextShutdownHook] com.zaxxer.hikari.HikariDataSource.close/350 : HikariPool-1 - Shutdown initiated...
2020-04-10 16:59:34,410 INFO  3392 --- [SpringContextShutdownHook] com.zaxxer.hikari.HikariDataSource.close/352 : HikariPool-1 - Shutdown completed.
2020-04-10 16:59:39,523 INFO  2380 --- [main] org.springframework.boot.StartupInfoLogger.logStarting/55 : Starting ParkingApplication on DESKTOP-HQCJC2V with PID 2380 (D:\IDEAWork\parking\target\classes started by lenovo in D:\IDEAWork\parking)
2020-04-10 16:59:39,531 INFO  2380 --- [main] org.springframework.boot.SpringApplication.logStartupProfileInfo/651 : No active profile set, falling back to default profiles: default
2020-04-10 16:59:40,810 WARN  2380 --- [main] org.mybatis.logging.Logger.warn/44 : No MyBatis mapper was found in '[com.aokai.parking]' package. Please check your configuration.
2020-04-10 16:59:41,541 INFO  2380 --- [main] org.springframework.boot.web.embedded.tomcat.TomcatWebServer.initialize/92 : Tomcat initialized with port(s): 8086 (http)
2020-04-10 16:59:41,551 INFO  2380 --- [main] org.apache.juli.logging.DirectJDKLog.log/173 : Initializing ProtocolHandler ["http-nio-8086"]
2020-04-10 16:59:41,552 INFO  2380 --- [main] org.apache.juli.logging.DirectJDKLog.log/173 : Starting service [Tomcat]
2020-04-10 16:59:41,552 INFO  2380 --- [main] org.apache.juli.logging.DirectJDKLog.log/173 : Starting Servlet engine: [Apache Tomcat/9.0.33]
2020-04-10 16:59:41,690 INFO  2380 --- [main] org.apache.juli.logging.DirectJDKLog.log/173 : Initializing Spring embedded WebApplicationContext
2020-04-10 16:59:41,690 INFO  2380 --- [main] org.springframework.boot.web.servlet.context.ServletWebServerApplicationContext.prepareWebApplicationContext/284 : Root WebApplicationContext: initialization completed in 1993 ms
2020-04-10 16:59:42,569 INFO  2380 --- [main] org.springframework.scheduling.concurrent.ExecutorConfigurationSupport.initialize/181 : Initializing ExecutorService 'applicationTaskExecutor'
2020-04-10 16:59:42,707 INFO  2380 --- [main] tk.mybatis.mapper.autoconfigure.MapperCacheDisabler.removeStaticCache/60 : Clear tk.mybatis.mapper.util.MsUtil CLASS_CACHE cache.
2020-04-10 16:59:42,708 INFO  2380 --- [main] tk.mybatis.mapper.autoconfigure.MapperCacheDisabler.removeStaticCache/60 : Clear tk.mybatis.mapper.genid.GenIdUtil CACHE cache.
2020-04-10 16:59:42,709 INFO  2380 --- [main] tk.mybatis.mapper.autoconfigure.MapperCacheDisabler.removeStaticCache/60 : Clear tk.mybatis.mapper.version.VersionUtil CACHE cache.
2020-04-10 16:59:42,709 INFO  2380 --- [main] tk.mybatis.mapper.autoconfigure.MapperCacheDisabler.removeEntityHelperCache/83 : Clear EntityHelper entityTableMap cache.
2020-04-10 16:59:42,839 INFO  2380 --- [main] org.apache.juli.logging.DirectJDKLog.log/173 : Starting ProtocolHandler ["http-nio-8086"]
2020-04-10 16:59:42,880 INFO  2380 --- [main] org.springframework.boot.web.embedded.tomcat.TomcatWebServer.start/204 : Tomcat started on port(s): 8086 (http) with context path ''
2020-04-10 16:59:42,886 INFO  2380 --- [main] org.springframework.boot.StartupInfoLogger.logStarted/61 : Started ParkingApplication in 4.18 seconds (JVM running for 5.577)
2020-04-10 16:59:56,176 INFO  2380 --- [http-nio-8086-exec-1] org.apache.juli.logging.DirectJDKLog.log/173 : Initializing Spring DispatcherServlet 'dispatcherServlet'
2020-04-10 16:59:56,180 INFO  2380 --- [http-nio-8086-exec-1] org.springframework.web.servlet.FrameworkServlet.initServletBean/525 : Initializing Servlet 'dispatcherServlet'
2020-04-10 16:59:56,193 INFO  2380 --- [http-nio-8086-exec-1] org.springframework.web.servlet.FrameworkServlet.initServletBean/547 : Completed initialization in 11 ms
2020-04-10 17:00:00,445 INFO  2380 --- [http-nio-8086-exec-1] com.zaxxer.hikari.HikariDataSource.getConnection/110 : HikariPool-1 - Starting...
2020-04-10 17:00:01,514 INFO  2380 --- [http-nio-8086-exec-1] com.zaxxer.hikari.HikariDataSource.getConnection/123 : HikariPool-1 - Start completed.
2020-04-10 17:00:01,598 DEBUG 2380 --- [http-nio-8086-exec-1] org.apache.ibatis.logging.jdbc.BaseJdbcLogger.debug/143 : ==>  Preparing: select * from car where garage_id = ? 
2020-04-10 17:00:01,947 DEBUG 2380 --- [http-nio-8086-exec-1] org.apache.ibatis.logging.jdbc.BaseJdbcLogger.debug/143 : ==> Parameters: 18(Integer)
2020-04-10 17:00:02,263 DEBUG 2380 --- [http-nio-8086-exec-1] org.apache.ibatis.logging.jdbc.BaseJdbcLogger.debug/143 : <==      Total: 8
2020-04-10 17:01:00,046 WARN  2380 --- [HikariPool-1 housekeeper] com.zaxxer.hikari.pool.HikariPool$HouseKeeper.run/779 : HikariPool-1 - Thread starvation or clock leap detected (housekeeper delta=58s430ms985µs300ns).
2020-04-10 17:03:21,940 INFO  2380 --- [SpringContextShutdownHook] org.springframework.scheduling.concurrent.ExecutorConfigurationSupport.shutdown/218 : Shutting down ExecutorService 'applicationTaskExecutor'
2020-04-10 17:03:21,943 INFO  2380 --- [SpringContextShutdownHook] com.zaxxer.hikari.HikariDataSource.close/350 : HikariPool-1 - Shutdown initiated...
2020-04-10 17:03:21,948 INFO  2380 --- [SpringContextShutdownHook] com.zaxxer.hikari.HikariDataSource.close/352 : HikariPool-1 - Shutdown completed.
2020-04-10 17:03:30,529 INFO  4164 --- [main] org.springframework.boot.StartupInfoLogger.logStarting/55 : Starting ParkingApplication on DESKTOP-HQCJC2V with PID 4164 (D:\IDEAWork\parking\target\classes started by lenovo in D:\IDEAWork\parking)
2020-04-10 17:03:30,535 INFO  4164 --- [main] org.springframework.boot.SpringApplication.logStartupProfileInfo/651 : No active profile set, falling back to default profiles: default
2020-04-10 17:03:31,618 WARN  4164 --- [main] org.mybatis.logging.Logger.warn/44 : No MyBatis mapper was found in '[com.aokai.parking]' package. Please check your configuration.
2020-04-10 17:03:32,067 INFO  4164 --- [main] org.springframework.boot.web.embedded.tomcat.TomcatWebServer.initialize/92 : Tomcat initialized with port(s): 8086 (http)
2020-04-10 17:03:32,078 INFO  4164 --- [main] org.apache.juli.logging.DirectJDKLog.log/173 : Initializing ProtocolHandler ["http-nio-8086"]
2020-04-10 17:03:32,079 INFO  4164 --- [main] org.apache.juli.logging.DirectJDKLog.log/173 : Starting service [Tomcat]
2020-04-10 17:03:32,079 INFO  4164 --- [main] org.apache.juli.logging.DirectJDKLog.log/173 : Starting Servlet engine: [Apache Tomcat/9.0.33]
2020-04-10 17:03:32,216 INFO  4164 --- [main] org.apache.juli.logging.DirectJDKLog.log/173 : Initializing Spring embedded WebApplicationContext
2020-04-10 17:03:32,217 INFO  4164 --- [main] org.springframework.boot.web.servlet.context.ServletWebServerApplicationContext.prepareWebApplicationContext/284 : Root WebApplicationContext: initialization completed in 1554 ms
2020-04-10 17:03:33,206 INFO  4164 --- [main] org.springframework.scheduling.concurrent.ExecutorConfigurationSupport.initialize/181 : Initializing ExecutorService 'applicationTaskExecutor'
2020-04-10 17:03:33,357 INFO  4164 --- [main] tk.mybatis.mapper.autoconfigure.MapperCacheDisabler.removeStaticCache/60 : Clear tk.mybatis.mapper.util.MsUtil CLASS_CACHE cache.
2020-04-10 17:03:33,358 INFO  4164 --- [main] tk.mybatis.mapper.autoconfigure.MapperCacheDisabler.removeStaticCache/60 : Clear tk.mybatis.mapper.genid.GenIdUtil CACHE cache.
2020-04-10 17:03:33,358 INFO  4164 --- [main] tk.mybatis.mapper.autoconfigure.MapperCacheDisabler.removeStaticCache/60 : Clear tk.mybatis.mapper.version.VersionUtil CACHE cache.
2020-04-10 17:03:33,359 INFO  4164 --- [main] tk.mybatis.mapper.autoconfigure.MapperCacheDisabler.removeEntityHelperCache/83 : Clear EntityHelper entityTableMap cache.
2020-04-10 17:03:33,475 INFO  4164 --- [main] org.apache.juli.logging.DirectJDKLog.log/173 : Starting ProtocolHandler ["http-nio-8086"]
2020-04-10 17:03:33,509 INFO  4164 --- [main] org.springframework.boot.web.embedded.tomcat.TomcatWebServer.start/204 : Tomcat started on port(s): 8086 (http) with context path ''
2020-04-10 17:03:33,514 INFO  4164 --- [main] org.springframework.boot.StartupInfoLogger.logStarted/61 : Started ParkingApplication in 3.675 seconds (JVM running for 4.938)
2020-04-10 17:03:38,610 INFO  4164 --- [http-nio-8086-exec-1] org.apache.juli.logging.DirectJDKLog.log/173 : Initializing Spring DispatcherServlet 'dispatcherServlet'
2020-04-10 17:03:38,612 INFO  4164 --- [http-nio-8086-exec-1] org.springframework.web.servlet.FrameworkServlet.initServletBean/525 : Initializing Servlet 'dispatcherServlet'
2020-04-10 17:03:38,623 INFO  4164 --- [http-nio-8086-exec-1] org.springframework.web.servlet.FrameworkServlet.initServletBean/547 : Completed initialization in 11 ms
2020-04-10 17:03:43,455 INFO  4164 --- [http-nio-8086-exec-1] com.zaxxer.hikari.HikariDataSource.getConnection/110 : HikariPool-1 - Starting...
2020-04-10 17:03:44,745 INFO  4164 --- [http-nio-8086-exec-1] com.zaxxer.hikari.HikariDataSource.getConnection/123 : HikariPool-1 - Start completed.
2020-04-10 17:03:44,827 DEBUG 4164 --- [http-nio-8086-exec-1] org.apache.ibatis.logging.jdbc.BaseJdbcLogger.debug/143 : ==>  Preparing: select * from car where garage_id = ? 
2020-04-10 17:03:45,199 DEBUG 4164 --- [http-nio-8086-exec-1] org.apache.ibatis.logging.jdbc.BaseJdbcLogger.debug/143 : ==> Parameters: 18(Integer)
2020-04-10 17:03:45,516 DEBUG 4164 --- [http-nio-8086-exec-1] org.apache.ibatis.logging.jdbc.BaseJdbcLogger.debug/143 : <==      Total: 8
2020-04-10 17:03:49,418 ERROR 4164 --- [http-nio-8086-exec-1] org.apache.juli.logging.DirectJDKLog.log/175 : Servlet.service() for servlet [dispatcherServlet] in context with path [] threw exception [Request processing failed; nested exception is org.mybatis.spring.MyBatisSystemException: nested exception is org.apache.ibatis.builder.BuilderException: Error evaluating expression 'oredCriteria'.  Return value (18) was not iterable.] with root cause
org.apache.ibatis.builder.BuilderException: Error evaluating expression 'oredCriteria'.  Return value (18) was not iterable.
	at org.apache.ibatis.scripting.xmltags.ExpressionEvaluator.evaluateIterable(ExpressionEvaluator.java:65)
	at org.apache.ibatis.scripting.xmltags.ForEachSqlNode.apply(ForEachSqlNode.java:54)
	at org.apache.ibatis.scripting.xmltags.MixedSqlNode.lambda$apply$0(MixedSqlNode.java:32)
	at java.util.ArrayList.forEach(ArrayList.java:1257)
	at org.apache.ibatis.scripting.xmltags.MixedSqlNode.apply(MixedSqlNode.java:32)
	at org.apache.ibatis.scripting.xmltags.TrimSqlNode.apply(TrimSqlNode.java:55)
	at org.apache.ibatis.scripting.xmltags.MixedSqlNode.lambda$apply$0(MixedSqlNode.java:32)
	at java.util.ArrayList.forEach(ArrayList.java:1257)
	at org.apache.ibatis.scripting.xmltags.MixedSqlNode.apply(MixedSqlNode.java:32)
	at org.apache.ibatis.scripting.xmltags.TrimSqlNode.apply(TrimSqlNode.java:55)
	at org.apache.ibatis.scripting.xmltags.MixedSqlNode.lambda$apply$0(MixedSqlNode.java:32)
	at java.util.ArrayList.forEach(ArrayList.java:1257)
	at org.apache.ibatis.scripting.xmltags.MixedSqlNode.apply(MixedSqlNode.java:32)
	at org.apache.ibatis.scripting.xmltags.IfSqlNode.apply(IfSqlNode.java:35)
	at org.apache.ibatis.scripting.xmltags.MixedSqlNode.lambda$apply$0(MixedSqlNode.java:32)
	at java.util.ArrayList.forEach(ArrayList.java:1257)
	at org.apache.ibatis.scripting.xmltags.MixedSqlNode.apply(MixedSqlNode.java:32)
	at org.apache.ibatis.scripting.xmltags.DynamicSqlSource.getBoundSql(DynamicSqlSource.java:39)
	at org.apache.ibatis.mapping.MappedStatement.getBoundSql(MappedStatement.java:297)
	at com.github.pagehelper.PageInterceptor.intercept(PageInterceptor.java:82)
	at org.apache.ibatis.plugin.Plugin.invoke(Plugin.java:61)
	at com.sun.proxy.$Proxy98.query(Unknown Source)
	at org.apache.ibatis.session.defaults.DefaultSqlSession.selectList(DefaultSqlSession.java:147)
	at org.apache.ibatis.session.defaults.DefaultSqlSession.selectList(DefaultSqlSession.java:140)
	at sun.reflect.NativeMethodAccessorImpl.invoke0(Native Method)
	at sun.reflect.NativeMethodAccessorImpl.invoke(NativeMethodAccessorImpl.java:62)
	at sun.reflect.DelegatingMethodAccessorImpl.invoke(DelegatingMethodAccessorImpl.java:43)
	at java.lang.reflect.Method.invoke(Method.java:498)
	at org.mybatis.spring.SqlSessionTemplate$SqlSessionInterceptor.invoke(SqlSessionTemplate.java:426)
	at com.sun.proxy.$Proxy67.selectList(Unknown Source)
	at org.mybatis.spring.SqlSessionTemplate.selectList(SqlSessionTemplate.java:223)
	at org.apache.ibatis.binding.MapperMethod.executeForMany(MapperMethod.java:147)
	at org.apache.ibatis.binding.MapperMethod.execute(MapperMethod.java:80)
	at org.apache.ibatis.binding.MapperProxy.invoke(MapperProxy.java:57)
	at com.sun.proxy.$Proxy72.selectByExample(Unknown Source)
	at sun.reflect.NativeMethodAccessorImpl.invoke0(Native Method)
	at sun.reflect.NativeMethodAccessorImpl.invoke(NativeMethodAccessorImpl.java:62)
	at sun.reflect.DelegatingMethodAccessorImpl.invoke(DelegatingMethodAccessorImpl.java:43)
	at java.lang.reflect.Method.invoke(Method.java:498)
	at org.springframework.aop.support.AopUtils.invokeJoinpointUsingReflection(AopUtils.java:344)
	at org.springframework.aop.framework.ReflectiveMethodInvocation.invokeJoinpoint(ReflectiveMethodInvocation.java:198)
	at org.springframework.aop.framework.ReflectiveMethodInvocation.proceed(ReflectiveMethodInvocation.java:163)
	at org.springframework.dao.support.PersistenceExceptionTranslationInterceptor.invoke(PersistenceExceptionTranslationInterceptor.java:139)
	at org.springframework.aop.framework.ReflectiveMethodInvocation.proceed(ReflectiveMethodInvocation.java:186)
	at org.springframework.aop.framework.JdkDynamicAopProxy.invoke(JdkDynamicAopProxy.java:212)
	at com.sun.proxy.$Proxy73.selectByExample(Unknown Source)
	at com.aokai.parking.service.Impl.CarServiceImpl.getCarList(CarServiceImpl.java:32)
	at com.aokai.parking.controller.CarController.getCarList(CarController.java:51)
	at sun.reflect.NativeMethodAccessorImpl.invoke0(Native Method)
	at sun.reflect.NativeMethodAccessorImpl.invoke(NativeMethodAccessorImpl.java:62)
	at sun.reflect.DelegatingMethodAccessorImpl.invoke(DelegatingMethodAccessorImpl.java:43)
	at java.lang.reflect.Method.invoke(Method.java:498)
	at org.springframework.web.method.support.InvocableHandlerMethod.doInvoke(InvocableHandlerMethod.java:190)
	at org.springframework.web.method.support.InvocableHandlerMethod.invokeForRequest(InvocableHandlerMethod.java:138)
	at org.springframework.web.servlet.mvc.method.annotation.ServletInvocableHandlerMethod.invokeAndHandle(ServletInvocableHandlerMethod.java:105)
	at org.springframework.web.servlet.mvc.method.annotation.RequestMappingHandlerAdapter.invokeHandlerMethod(RequestMappingHandlerAdapter.java:879)
	at org.springframework.web.servlet.mvc.method.annotation.RequestMappingHandlerAdapter.handleInternal(RequestMappingHandlerAdapter.java:793)
	at org.springframework.web.servlet.mvc.method.AbstractHandlerMethodAdapter.handle(AbstractHandlerMethodAdapter.java:87)
	at org.springframework.web.servlet.DispatcherServlet.doDispatch(DispatcherServlet.java:1040)
	at org.springframework.web.servlet.DispatcherServlet.doService(DispatcherServlet.java:943)
	at org.springframework.web.servlet.FrameworkServlet.processRequest(FrameworkServlet.java:1006)
	at org.springframework.web.servlet.FrameworkServlet.doPost(FrameworkServlet.java:909)
	at javax.servlet.http.HttpServlet.service(HttpServlet.java:660)
	at org.springframework.web.servlet.FrameworkServlet.service(FrameworkServlet.java:883)
	at javax.servlet.http.HttpServlet.service(HttpServlet.java:741)
	at org.apache.catalina.core.ApplicationFilterChain.internalDoFilter(ApplicationFilterChain.java:231)
	at org.apache.catalina.core.ApplicationFilterChain.doFilter(ApplicationFilterChain.java:166)
	at org.apache.tomcat.websocket.server.WsFilter.doFilter(WsFilter.java:53)
	at org.apache.catalina.core.ApplicationFilterChain.internalDoFilter(ApplicationFilterChain.java:193)
	at org.apache.catalina.core.ApplicationFilterChain.doFilter(ApplicationFilterChain.java:166)
	at org.springframework.web.filter.RequestContextFilter.doFilterInternal(RequestContextFilter.java:100)
	at org.springframework.web.filter.OncePerRequestFilter.doFilter(OncePerRequestFilter.java:119)
	at org.apache.catalina.core.ApplicationFilterChain.internalDoFilter(ApplicationFilterChain.java:193)
	at org.apache.catalina.core.ApplicationFilterChain.doFilter(ApplicationFilterChain.java:166)
	at org.springframework.web.filter.FormContentFilter.doFilterInternal(FormContentFilter.java:93)
	at org.springframework.web.filter.OncePerRequestFilter.doFilter(OncePerRequestFilter.java:119)
	at org.apache.catalina.core.ApplicationFilterChain.internalDoFilter(ApplicationFilterChain.java:193)
	at org.apache.catalina.core.ApplicationFilterChain.doFilter(ApplicationFilterChain.java:166)
	at org.springframework.web.filter.CharacterEncodingFilter.doFilterInternal(CharacterEncodingFilter.java:201)
	at org.springframework.web.filter.OncePerRequestFilter.doFilter(OncePerRequestFilter.java:119)
	at org.apache.catalina.core.ApplicationFilterChain.internalDoFilter(ApplicationFilterChain.java:193)
	at org.apache.catalina.core.ApplicationFilterChain.doFilter(ApplicationFilterChain.java:166)
	at org.apache.catalina.core.StandardWrapperValve.invoke(StandardWrapperValve.java:202)
	at org.apache.catalina.core.StandardContextValve.invoke(StandardContextValve.java:96)
	at org.apache.catalina.authenticator.AuthenticatorBase.invoke(AuthenticatorBase.java:541)
	at org.apache.catalina.core.StandardHostValve.invoke(StandardHostValve.java:139)
	at org.apache.catalina.valves.ErrorReportValve.invoke(ErrorReportValve.java:92)
	at org.apache.catalina.core.StandardEngineValve.invoke(StandardEngineValve.java:74)
	at org.apache.catalina.connector.CoyoteAdapter.service(CoyoteAdapter.java:343)
	at org.apache.coyote.http11.Http11Processor.service(Http11Processor.java:373)
	at org.apache.coyote.AbstractProcessorLight.process(AbstractProcessorLight.java:65)
	at org.apache.coyote.AbstractProtocol$ConnectionHandler.process(AbstractProtocol.java:868)
	at org.apache.tomcat.util.net.NioEndpoint$SocketProcessor.doRun(NioEndpoint.java:1594)
	at org.apache.tomcat.util.net.SocketProcessorBase.run(SocketProcessorBase.java:49)
	at java.util.concurrent.ThreadPoolExecutor.runWorker(ThreadPoolExecutor.java:1149)
	at java.util.concurrent.ThreadPoolExecutor$Worker.run(ThreadPoolExecutor.java:624)
	at org.apache.tomcat.util.threads.TaskThread$WrappingRunnable.run(TaskThread.java:61)
	at java.lang.Thread.run(Thread.java:748)
2020-04-10 17:04:02,497 INFO  4164 --- [SpringContextShutdownHook] org.springframework.scheduling.concurrent.ExecutorConfigurationSupport.shutdown/218 : Shutting down ExecutorService 'applicationTaskExecutor'
2020-04-10 17:04:02,499 INFO  4164 --- [SpringContextShutdownHook] com.zaxxer.hikari.HikariDataSource.close/350 : HikariPool-1 - Shutdown initiated...
2020-04-10 17:04:02,513 INFO  4164 --- [SpringContextShutdownHook] com.zaxxer.hikari.HikariDataSource.close/352 : HikariPool-1 - Shutdown completed.
2020-04-10 17:04:09,174 INFO  13152 --- [main] org.springframework.boot.StartupInfoLogger.logStarting/55 : Starting ParkingApplication on DESKTOP-HQCJC2V with PID 13152 (D:\IDEAWork\parking\target\classes started by lenovo in D:\IDEAWork\parking)
2020-04-10 17:04:09,179 INFO  13152 --- [main] org.springframework.boot.SpringApplication.logStartupProfileInfo/651 : No active profile set, falling back to default profiles: default
2020-04-10 17:04:10,111 WARN  13152 --- [main] org.mybatis.logging.Logger.warn/44 : No MyBatis mapper was found in '[com.aokai.parking]' package. Please check your configuration.
2020-04-10 17:04:10,578 INFO  13152 --- [main] org.springframework.boot.web.embedded.tomcat.TomcatWebServer.initialize/92 : Tomcat initialized with port(s): 8086 (http)
2020-04-10 17:04:10,590 INFO  13152 --- [main] org.apache.juli.logging.DirectJDKLog.log/173 : Initializing ProtocolHandler ["http-nio-8086"]
2020-04-10 17:04:10,591 INFO  13152 --- [main] org.apache.juli.logging.DirectJDKLog.log/173 : Starting service [Tomcat]
2020-04-10 17:04:10,591 INFO  13152 --- [main] org.apache.juli.logging.DirectJDKLog.log/173 : Starting Servlet engine: [Apache Tomcat/9.0.33]
2020-04-10 17:04:10,720 INFO  13152 --- [main] org.apache.juli.logging.DirectJDKLog.log/173 : Initializing Spring embedded WebApplicationContext
2020-04-10 17:04:10,721 INFO  13152 --- [main] org.springframework.boot.web.servlet.context.ServletWebServerApplicationContext.prepareWebApplicationContext/284 : Root WebApplicationContext: initialization completed in 1428 ms
2020-04-10 17:04:11,572 INFO  13152 --- [main] org.springframework.scheduling.concurrent.ExecutorConfigurationSupport.initialize/181 : Initializing ExecutorService 'applicationTaskExecutor'
2020-04-10 17:04:11,711 INFO  13152 --- [main] tk.mybatis.mapper.autoconfigure.MapperCacheDisabler.removeStaticCache/60 : Clear tk.mybatis.mapper.util.MsUtil CLASS_CACHE cache.
2020-04-10 17:04:11,712 INFO  13152 --- [main] tk.mybatis.mapper.autoconfigure.MapperCacheDisabler.removeStaticCache/60 : Clear tk.mybatis.mapper.genid.GenIdUtil CACHE cache.
2020-04-10 17:04:11,713 INFO  13152 --- [main] tk.mybatis.mapper.autoconfigure.MapperCacheDisabler.removeStaticCache/60 : Clear tk.mybatis.mapper.version.VersionUtil CACHE cache.
2020-04-10 17:04:11,713 INFO  13152 --- [main] tk.mybatis.mapper.autoconfigure.MapperCacheDisabler.removeEntityHelperCache/83 : Clear EntityHelper entityTableMap cache.
2020-04-10 17:04:11,829 INFO  13152 --- [main] org.apache.juli.logging.DirectJDKLog.log/173 : Starting ProtocolHandler ["http-nio-8086"]
2020-04-10 17:04:11,862 INFO  13152 --- [main] org.springframework.boot.web.embedded.tomcat.TomcatWebServer.start/204 : Tomcat started on port(s): 8086 (http) with context path ''
2020-04-10 17:04:11,868 INFO  13152 --- [main] org.springframework.boot.StartupInfoLogger.logStarted/61 : Started ParkingApplication in 3.431 seconds (JVM running for 4.625)
